#
# There is insufficient memory for the Java Runtime Environment to continue.
# Native memory allocation (malloc) failed to allocate 1048576 bytes for AllocateHeap
# Possible reasons:
#   The system is out of physical RAM or swap space
#   The process is running with CompressedOops enabled, and the Java Heap may be blocking the growth of the native heap
# Possible solutions:
#   Reduce memory load on the system
#   Increase physical memory or swap space
#   Check if swap backing store is full
#   Decrease Java heap size (-Xmx/-Xms)
#   Decrease number of Java threads
#   Decrease Java thread stack sizes (-Xss)
#   Set larger code cache with -XX:ReservedCodeCacheSize=
#   JVM is running with Unscaled Compressed Oops mode in which the Java heap is
#     placed in the first 4GB address space. The Java Heap base address is the
#     maximum limit for the native heap growth. Please use -XX:HeapBaseMinAddress
#     to set the Java Heap base and to place the Java Heap above 4GB virtual address.
# This output file may be truncated or incomplete.
#
#  Out of Memory Error (./src/hotspot/share/memory/allocation.cpp:46), pid=4324, tid=15288
#
# JRE version:  (11.0.8+10) (build )
# Java VM: OpenJDK 64-Bit Server VM (11.0.8+10-b944.34, mixed mode, sharing, tiered, compressed oops, g1 gc, windows-amd64)
# No core dump will be written. Minidumps are not enabled by default on client versions of Windows
#

---------------  S U M M A R Y ------------

Command Line: -Xmx64m -Xms64m -Dorg.gradle.appname=gradlew org.gradle.wrapper.GradleWrapperMain :Cinema_Room_Manager-task:testClasses

Host: Intel(R) Core(TM) i7-8750H CPU @ 2.20GHz, 12 cores, 7G,  Windows 10 , 64 bit Build 19041 (10.0.19041.662)
Time: Tue Jan  5 16:27:13 2021 GTB Standard Time elapsed time: 0 seconds (0d 0h 0m 0s)

---------------  T H R E A D  ---------------

Current thread (0x000002072af9a000):  JavaThread "Unknown thread" [_thread_in_vm, id=15288, stack(0x0000006392b00000,0x0000006392c00000)]

Stack: [0x0000006392b00000,0x0000006392c00000]
Native frames: (J=compiled Java code, j=interpreted, Vv=VM code, C=native code)
V  [jvm.dll+0x5de35a]
V  [jvm.dll+0x712355]
V  [jvm.dll+0x7138ad]
V  [jvm.dll+0x713f63]
V  [jvm.dll+0x23e628]
V  [jvm.dll+0xb0334]
V  [jvm.dll+0x2d1d23]
V  [jvm.dll+0x6f10d7]
V  [jvm.dll+0x6f28dc]
V  [jvm.dll+0x3558f9]
V  [jvm.dll+0x6d492e]
V  [jvm.dll+0x3bdad3]
V  [jvm.dll+0x3bfd01]
C  [jli.dll+0x5373]
C  [ucrtbase.dll+0x214c2]
C  [KERNEL32.DLL+0x17034]
C  [ntdll.dll+0x4d0d1]


---------------  P R O C E S S  ---------------

Threads class SMR info:
_java_thread_list=0x0000020729553de0, length=0, elements={
}

Java Threads: ( => current thread )

Other Threads:

[error occurred during error reporting (printing all threads), id 0xc0000005, EXCEPTION_ACCESS_VIOLATION (0xc0000005) at pc=0x00007ff89006962e]

VM state:not at safepoint (not fully initialized)

VM Mutex/Monitor currently owned by a thread: None


[error occurred during error reporting (printing compressed oops mode), id 0xc0000005, EXCEPTION_ACCESS_VIOLATION (0xc0000005) at pc=0x00007ff890081f27]

GC Heap History (0 events):
No events

Deoptimization events (0 events):
No events

Classes redefined (0 events):
No events

Internal exceptions (0 events):
No events

Events (1 events):
Event: 0.005 Loaded shared library C:\Program Files\JetBrains\IntelliJ IDEA Educational Edition 2020.2.4\jbr\bin\zip.dll


Dynamic libraries:
0x00007ff7f8330000 - 0x00007ff7f833a000 	C:\Program Files\JetBrains\IntelliJ IDEA Educational Edition 2020.2.4\jbr\bin\java.exe
0x00007ff8ce470000 - 0x00007ff8ce666000 	C:\WINDOWS\SYSTEM32\ntdll.dll
0x00007ff8cc5f0000 - 0x00007ff8cc6ad000 	C:\WINDOWS\System32\KERNEL32.DLL
0x00007ff8cbf00000 - 0x00007ff8cc1c9000 	C:\WINDOWS\System32\KERNELBASE.dll
0x00007ff8cbd20000 - 0x00007ff8cbe20000 	C:\WINDOWS\System32\ucrtbase.dll
0x00007ff8c6060000 - 0x00007ff8c6077000 	C:\Program Files\JetBrains\IntelliJ IDEA Educational Edition 2020.2.4\jbr\bin\VCRUNTIME140.dll
0x00007ff8c6080000 - 0x00007ff8c6099000 	C:\Program Files\JetBrains\IntelliJ IDEA Educational Edition 2020.2.4\jbr\bin\jli.dll
0x00007ff8cca40000 - 0x00007ff8ccbe0000 	C:\WINDOWS\System32\USER32.dll
0x00007ff8cbcf0000 - 0x00007ff8cbd12000 	C:\WINDOWS\System32\win32u.dll
0x00007ff8bc6c0000 - 0x00007ff8bc95b000 	C:\WINDOWS\WinSxS\amd64_microsoft.windows.common-controls_6595b64144ccf1df_6.0.19041.488_none_ca04af081b815d21\COMCTL32.dll
0x00007ff8cdff0000 - 0x00007ff8ce01a000 	C:\WINDOWS\System32\GDI32.dll
0x00007ff8cd6c0000 - 0x00007ff8cd75e000 	C:\WINDOWS\System32\msvcrt.dll
0x00007ff8cbbe0000 - 0x00007ff8cbce9000 	C:\WINDOWS\System32\gdi32full.dll
0x00007ff8cc330000 - 0x00007ff8cc3cd000 	C:\WINDOWS\System32\msvcp_win.dll
0x00007ff8cd690000 - 0x00007ff8cd6c0000 	C:\WINDOWS\System32\IMM32.DLL
0x00007ff8acf50000 - 0x00007ff8acfed000 	C:\Program Files\JetBrains\IntelliJ IDEA Educational Edition 2020.2.4\jbr\bin\msvcp140.dll
0x00007ff88f990000 - 0x00007ff89044d000 	C:\Program Files\JetBrains\IntelliJ IDEA Educational Edition 2020.2.4\jbr\bin\server\jvm.dll
0x00007ff8ce380000 - 0x00007ff8ce42c000 	C:\WINDOWS\System32\ADVAPI32.dll
0x00007ff8cdf50000 - 0x00007ff8cdfec000 	C:\WINDOWS\System32\sechost.dll
0x00007ff8cd480000 - 0x00007ff8cd5ab000 	C:\WINDOWS\System32\RPCRT4.dll
0x00007ff8cc760000 - 0x00007ff8cc768000 	C:\WINDOWS\System32\PSAPI.DLL
0x00007ff8bbe70000 - 0x00007ff8bbe79000 	C:\WINDOWS\SYSTEM32\WSOCK32.dll
0x00007ff8c2690000 - 0x00007ff8c26b7000 	C:\WINDOWS\SYSTEM32\WINMM.dll
0x00007ff8c5790000 - 0x00007ff8c579a000 	C:\WINDOWS\SYSTEM32\VERSION.dll
0x00007ff8cdd80000 - 0x00007ff8cddeb000 	C:\WINDOWS\System32\WS2_32.dll
0x00007ff8ca760000 - 0x00007ff8ca772000 	C:\WINDOWS\SYSTEM32\kernel.appcore.dll
0x00007ff8c7030000 - 0x00007ff8c7041000 	C:\Program Files\JetBrains\IntelliJ IDEA Educational Edition 2020.2.4\jbr\bin\verify.dll
0x00007ff8ca1b0000 - 0x00007ff8ca394000 	C:\WINDOWS\SYSTEM32\DBGHELP.DLL
0x00007ff8bf090000 - 0x00007ff8bf0bc000 	C:\WINDOWS\SYSTEM32\dbgcore.DLL
0x00007ff8cbe20000 - 0x00007ff8cbea0000 	C:\WINDOWS\System32\bcryptPrimitives.dll
0x00007ff8afb00000 - 0x00007ff8afb29000 	C:\Program Files\JetBrains\IntelliJ IDEA Educational Edition 2020.2.4\jbr\bin\java.dll
0x00007ff8c8b80000 - 0x00007ff8c8b8b000 	C:\Program Files\JetBrains\IntelliJ IDEA Educational Edition 2020.2.4\jbr\bin\jimage.dll
0x00007ff8c6210000 - 0x00007ff8c6228000 	C:\Program Files\JetBrains\IntelliJ IDEA Educational Edition 2020.2.4\jbr\bin\zip.dll

dbghelp: loaded successfully - version: 4.0.5 - missing functions: none
symbol engine: initialized successfully - sym options: 0x614 - pdb path: .;C:\Program Files\JetBrains\IntelliJ IDEA Educational Edition 2020.2.4\jbr\bin;C:\WINDOWS\SYSTEM32;C:\WINDOWS\WinSxS\amd64_microsoft.windows.common-controls_6595b64144ccf1df_6.0.19041.488_none_ca04af081b815d21;C:\Program Files\JetBrains\IntelliJ IDEA Educational Edition 2020.2.4\jbr\bin\server

VM Arguments:
jvm_args: -Xmx64m -Xms64m -Dorg.gradle.appname=gradlew 
java_command: org.gradle.wrapper.GradleWrapperMain :Cinema_Room_Manager-task:testClasses
java_class_path (initial): C:\Users\AnkiMiki\IdeaProjects\Cinema Room Manager\\gradle\wrapper\gradle-wrapper.jar
Launcher Type: SUN_STANDARD

[Global flags]
     intx CICompilerCount                          = 4                                         {product} {ergonomic}
     uint G1ConcRefinementThreads                  = 10                                        {product} {ergonomic}
   size_t G1HeapRegionSize                         = 1048576                                   {product} {ergonomic}
    uintx GCDrainStackTargetSize                   = 64                                        {product} {ergonomic}
   size_t InitialHeapSize                          = 67108864                                  {product} {command line}
   size_t MaxHeapSize                              = 67108864                                  {product} {command line}
   size_t MinHeapDeltaBytes                        = 1048576                                   {product} {ergonomic}
    uintx NonNMethodCodeHeapSize                   = 5836300                                {pd product} {ergonomic}
    uintx NonProfiledCodeHeapSize                  = 122910970                              {pd product} {ergonomic}
    uintx ProfiledCodeHeapSize                     = 122910970                              {pd product} {ergonomic}
    uintx ReservedCodeCacheSize                    = 251658240                              {pd product} {ergonomic}
     bool SegmentedCodeCache                       = true                                      {product} {ergonomic}
     bool UseCompressedClassPointers               = true                                 {lp64_product} {ergonomic}
     bool UseCompressedOops                        = true                                 {lp64_product} {ergonomic}
     bool UseG1GC                                  = true                                      {product} {ergonomic}
     bool UseLargePagesIndividualAllocation        = false                                  {pd product} {ergonomic}

Logging:
Log output configuration:
 #0: stdout all=warning uptime,level,tags
 #1: stderr all=off uptime,level,tags

Environment Variables:
JAVA_HOME=C:\Program Files\JetBrains\IntelliJ IDEA Educational Edition 2020.2.4\jbr
CLASSPATH=C:\Users\AnkiMiki\IdeaProjects\Cinema Room Manager\\gradle\wrapper\gradle-wrapper.jar
PATH=C:\Program Files\Common Files\Oracle\Java\javapath;C:\Windows\system32;C:\Windows;C:\Windows\System32\Wbem;C:\Windows\System32\WindowsPowerShell\v1.0\;C:\Windows\System32\OpenSSH\;C:\Program Files (x86)\NVIDIA Corporation\PhysX\Common;C:\Program Files\Java\jdk-14.0.2\bin;C:\Program Files\MySQL\MySQL Server 8.0\bin;C:\Program Files\Java\jdk-11.0.9\bin;%SystemRoot%\system32;%SystemRoot%;%SystemRoot%\System32\Wbem;%SYSTEMROOT%\System32\WindowsPowerShell\v1.0\;%SYSTEMROOT%\System32\OpenSSH\;C:\Program Files\MySQL\MySQL Shell 8.0\bin\;D:\Python\Scripts\;D:\Python\;C:\Users\AnkiMiki\AppData\Local\Microsoft\WindowsApps;C:\Users\AnkiMiki\AppData\Local\GitHubDesktop\bin;
USERNAME=AnkiMiki
OS=Windows_NT
PROCESSOR_IDENTIFIER=Intel64 Family 6 Model 158 Stepping 10, GenuineIntel



---------------  S Y S T E M  ---------------

OS: Windows 10 , 64 bit Build 19041 (10.0.19041.662)
OS uptime: 22 days 21:01 hours

CPU:total 12 (initial active 12) (6 cores per cpu, 2 threads per core) family 6 model 158 stepping 10, cmov, cx8, fxsr, mmx, sse, sse2, sse3, ssse3, sse4.1, sse4.2, popcnt, avx, avx2, aes, clmul, erms, 3dnowpref, lzcnt, ht, tsc, tscinvbit, bmi1, bmi2, adx, fma

Memory: 4k page, system-wide physical 8047M (1535M free)
TotalPageFile size 32623M (AvailPageFile size 5M)
current process WorkingSet (physical memory assigned to process): 9M, peak: 9M
current process commit charge ("private bytes"): 11M, peak: 12M

vm_info: OpenJDK 64-Bit Server VM (11.0.8+10-b944.34) for windows-amd64 JRE (11.0.8+10-b944.34), built on Sep 11 2020 15:32:11 by "" with MS VC++ 14.0 (VS2015)

END.
